This file contains any messages produced by compilers while
running configure, to aid debugging if configure makes a mistake.

It was created by BIU configure 2.3.7, which was
generated by GNU Autoconf 2.71.  Invocation command line was

  $ ../configure

## --------- ##
## Platform. ##
## --------- ##

hostname = LAPTOP-21S4PV3K
uname -m = x86_64
uname -r = 5.15.146.1-microsoft-standard-WSL2
uname -s = Linux
uname -v = #1 SMP Thu Jan 11 04:09:03 UTC 2024

/usr/bin/uname -p = x86_64
/bin/uname -X     = unknown

/bin/arch              = x86_64
/usr/bin/arch -k       = unknown
/usr/convex/getsysinfo = unknown
/usr/bin/hostinfo      = unknown
/bin/machine           = unknown
/usr/bin/oslevel       = unknown
/bin/universe          = unknown

PATH: /usr/local/sbin/
PATH: /usr/local/bin/
PATH: /usr/sbin/
PATH: /usr/bin/
PATH: /sbin/
PATH: /bin/
PATH: /usr/games/
PATH: /usr/local/games/
PATH: /usr/lib/wsl/lib/
PATH: /mnt/c/Program Files/WindowsApps/CanonicalGroupLimited.Ubuntu_2204.3.49.0_x64__79rhkp1fndgsc/
PATH: /mnt/c/Python312/Scripts/
PATH: /mnt/c/Python312/
PATH: /mnt/f/Universidad/Tercero/MatLab/bin/
PATH: /mnt/f/Universidad/Tercero/MatLab/bin/win64/
PATH: /mnt/c/Python311/Scripts/
PATH: /mnt/c/Python311/
PATH: /mnt/c/Program Files/Eclipse Adoptium/jdk-17.0.4.101-hotspot/bin/
PATH: /mnt/f/Universidad/ProgramasUni/OracleDB/dbhomeXE/bin/
PATH: /mnt/c/Program Files/Common Files/Oracle/Java/javapath/
PATH: /mnt/c/ProgramData/Oracle/Java/javapath/
PATH: /mnt/c/WINDOWS/system32/
PATH: /mnt/c/WINDOWS/
PATH: /mnt/c/WINDOWS/System32/Wbem/
PATH: /mnt/c/WINDOWS/System32/WindowsPowerShell/v1.0/
PATH: /mnt/c/WINDOWS/System32/OpenSSH/
PATH: /mnt/c/Program Files/SourceGear/Common/DiffMerge/
PATH: /mnt/f/Universidad/Tercero/MatLab/runtime/win64/
PATH: /mnt/c/Program Files/swipl/bin/
PATH: /mnt/c/ProgramData/chocolatey/bin/
PATH: /mnt/c/Program Files/AutoFirma/AutoFirma/
PATH: /mnt/c/Users/javie/AppData/Local/Programs/Python/Python310/Scripts/
PATH: /mnt/c/Users/javie/AppData/Local/Programs/Python/Python310/
PATH: /mnt/c/Users/javie/AppData/Roaming/local/bin/
PATH: /mnt/c/Users/javie/AppData/Local/Programs/Python/Python39/Scripts/
PATH: /mnt/c/Users/javie/AppData/Local/Programs/Python/Python39/
PATH: /mnt/c/Program Files/Java/jdk-15.0.2/bin/
PATH: /mnt/c/Users/javie/Desktop/EclipseARM/sourcery-g++-lite-arm-2011.03/bin/
PATH: /mnt/c/Users/javie/AppData/Local/Microsoft/WindowsApps/
PATH: /mnt/c/Users/javie/AppData/Local/GitHubDesktop/bin/
PATH: /mnt/c/Program Files/Java/jdk-11.0.2/bin/
PATH: /mnt/c/ghcup/bin/
PATH: /mnt/c/Users/javie/AppData/Local/Programs/Microsoft VS Code/bin/
PATH: /mnt/c/Program Files/JetBrains/IntelliJ IDEA Community Edition 2023.1/bin/
PATH: /mnt/c/Users/javie/AppData/Roaming/npm/
PATH: /mnt/c/Program Files/nodejs/
PATH: /mnt/c/Program Files/Git/cmd/
PATH: /mnt/c/Program Files/TortoiseGit/bin/
PATH: /snap/bin/


## ----------- ##
## Core tests. ##
## ----------- ##

configure:2604: looking for aux files: missing install-sh compile config.guess config.sub
configure:2617:  trying .././
configure:2646:   .././missing found
configure:2628:   .././install-sh found
configure:2646:   .././compile found
configure:2646:   .././config.guess found
configure:2646:   .././config.sub found
configure:2766: checking build system type
configure:2781: result: x86_64-unknown-linux-gnu
configure:2801: checking host system type
configure:2815: result: x86_64-unknown-linux-gnu
configure:2912: checking for gcc
configure:2933: found /usr/bin/gcc
configure:2944: result: gcc
configure:3297: checking for C compiler version
configure:3306: gcc --version >&5
gcc (Ubuntu 11.4.0-1ubuntu1~22.04) 11.4.0
Copyright (C) 2021 Free Software Foundation, Inc.
This is free software; see the source for copying conditions.  There is NO
warranty; not even for MERCHANTABILITY or FITNESS FOR A PARTICULAR PURPOSE.

configure:3317: $? = 0
configure:3306: gcc -v >&5
Using built-in specs.
COLLECT_GCC=gcc
COLLECT_LTO_WRAPPER=/usr/lib/gcc/x86_64-linux-gnu/11/lto-wrapper
OFFLOAD_TARGET_NAMES=nvptx-none:amdgcn-amdhsa
OFFLOAD_TARGET_DEFAULT=1
Target: x86_64-linux-gnu
Configured with: ../src/configure -v --with-pkgversion='Ubuntu 11.4.0-1ubuntu1~22.04' --with-bugurl=file:///usr/share/doc/gcc-11/README.Bugs --enable-languages=c,ada,c++,go,brig,d,fortran,objc,obj-c++,m2 --prefix=/usr --with-gcc-major-version-only --program-suffix=-11 --program-prefix=x86_64-linux-gnu- --enable-shared --enable-linker-build-id --libexecdir=/usr/lib --without-included-gettext --enable-threads=posix --libdir=/usr/lib --enable-nls --enable-bootstrap --enable-clocale=gnu --enable-libstdcxx-debug --enable-libstdcxx-time=yes --with-default-libstdcxx-abi=new --enable-gnu-unique-object --disable-vtable-verify --enable-plugin --enable-default-pie --with-system-zlib --enable-libphobos-checking=release --with-target-system-zlib=auto --enable-objc-gc=auto --enable-multiarch --disable-werror --enable-cet --with-arch-32=i686 --with-abi=m64 --with-multilib-list=m32,m64,mx32 --enable-multilib --with-tune=generic --enable-offload-targets=nvptx-none=/build/gcc-11-XeT9lY/gcc-11-11.4.0/debian/tmp-nvptx/usr,amdgcn-amdhsa=/build/gcc-11-XeT9lY/gcc-11-11.4.0/debian/tmp-gcn/usr --without-cuda-driver --enable-checking=release --build=x86_64-linux-gnu --host=x86_64-linux-gnu --target=x86_64-linux-gnu --with-build-config=bootstrap-lto-lean --enable-link-serialization=2
Thread model: posix
Supported LTO compression algorithms: zlib zstd
gcc version 11.4.0 (Ubuntu 11.4.0-1ubuntu1~22.04) 
... rest of stderr output deleted ...
configure:3317: $? = 0
configure:3306: gcc -V >&5
gcc: error: unrecognized command-line option '-V'
gcc: fatal error: no input files
compilation terminated.
configure:3317: $? = 1
configure:3306: gcc -qversion >&5
gcc: error: unrecognized command-line option '-qversion'; did you mean '--version'?
gcc: fatal error: no input files
compilation terminated.
configure:3317: $? = 1
configure:3306: gcc -version >&5
gcc: error: unrecognized command-line option '-version'
gcc: fatal error: no input files
compilation terminated.
configure:3317: $? = 1
configure:3337: checking whether the C compiler works
configure:3359: gcc    conftest.c  >&5
configure:3363: $? = 0
configure:3413: result: yes
configure:3416: checking for C compiler default output file name
configure:3418: result: a.out
configure:3424: checking for suffix of executables
configure:3431: gcc -o conftest    conftest.c  >&5
configure:3435: $? = 0
configure:3458: result: 
configure:3480: checking whether we are cross compiling
configure:3488: gcc -o conftest    conftest.c  >&5
configure:3492: $? = 0
configure:3499: ./conftest
configure:3503: $? = 0
configure:3518: result: no
configure:3523: checking for suffix of object files
configure:3546: gcc -c   conftest.c >&5
configure:3550: $? = 0
configure:3572: result: o
configure:3576: checking whether the compiler supports GNU C
configure:3596: gcc -c   conftest.c >&5
configure:3596: $? = 0
configure:3606: result: yes
configure:3617: checking whether gcc accepts -g
configure:3638: gcc -c -g  conftest.c >&5
configure:3638: $? = 0
configure:3682: result: yes
configure:3702: checking for gcc option to enable C11 features
configure:3717: gcc  -c -g -O2  conftest.c >&5
configure:3717: $? = 0
configure:3735: result: none needed
configure:3851: checking whether gcc understands -c and -o together
configure:3874: gcc -c conftest.c -o conftest2.o
configure:3877: $? = 0
configure:3874: gcc -c conftest.c -o conftest2.o
configure:3877: $? = 0
configure:3889: result: yes
configure:3976: checking for g++
configure:3997: found /usr/bin/g++
configure:4008: result: g++
configure:4035: checking for C++ compiler version
configure:4044: g++ --version >&5
g++ (Ubuntu 11.4.0-1ubuntu1~22.04) 11.4.0
Copyright (C) 2021 Free Software Foundation, Inc.
This is free software; see the source for copying conditions.  There is NO
warranty; not even for MERCHANTABILITY or FITNESS FOR A PARTICULAR PURPOSE.

configure:4055: $? = 0
configure:4044: g++ -v >&5
Using built-in specs.
COLLECT_GCC=g++
COLLECT_LTO_WRAPPER=/usr/lib/gcc/x86_64-linux-gnu/11/lto-wrapper
OFFLOAD_TARGET_NAMES=nvptx-none:amdgcn-amdhsa
OFFLOAD_TARGET_DEFAULT=1
Target: x86_64-linux-gnu
Configured with: ../src/configure -v --with-pkgversion='Ubuntu 11.4.0-1ubuntu1~22.04' --with-bugurl=file:///usr/share/doc/gcc-11/README.Bugs --enable-languages=c,ada,c++,go,brig,d,fortran,objc,obj-c++,m2 --prefix=/usr --with-gcc-major-version-only --program-suffix=-11 --program-prefix=x86_64-linux-gnu- --enable-shared --enable-linker-build-id --libexecdir=/usr/lib --without-included-gettext --enable-threads=posix --libdir=/usr/lib --enable-nls --enable-bootstrap --enable-clocale=gnu --enable-libstdcxx-debug --enable-libstdcxx-time=yes --with-default-libstdcxx-abi=new --enable-gnu-unique-object --disable-vtable-verify --enable-plugin --enable-default-pie --with-system-zlib --enable-libphobos-checking=release --with-target-system-zlib=auto --enable-objc-gc=auto --enable-multiarch --disable-werror --enable-cet --with-arch-32=i686 --with-abi=m64 --with-multilib-list=m32,m64,mx32 --enable-multilib --with-tune=generic --enable-offload-targets=nvptx-none=/build/gcc-11-XeT9lY/gcc-11-11.4.0/debian/tmp-nvptx/usr,amdgcn-amdhsa=/build/gcc-11-XeT9lY/gcc-11-11.4.0/debian/tmp-gcn/usr --without-cuda-driver --enable-checking=release --build=x86_64-linux-gnu --host=x86_64-linux-gnu --target=x86_64-linux-gnu --with-build-config=bootstrap-lto-lean --enable-link-serialization=2
Thread model: posix
Supported LTO compression algorithms: zlib zstd
gcc version 11.4.0 (Ubuntu 11.4.0-1ubuntu1~22.04) 
... rest of stderr output deleted ...
configure:4055: $? = 0
configure:4044: g++ -V >&5
g++: error: unrecognized command-line option '-V'
g++: fatal error: no input files
compilation terminated.
configure:4055: $? = 1
configure:4044: g++ -qversion >&5
g++: error: unrecognized command-line option '-qversion'; did you mean '--version'?
g++: fatal error: no input files
compilation terminated.
configure:4055: $? = 1
configure:4059: checking whether the compiler supports GNU C++
configure:4079: g++ -c   conftest.cpp >&5
configure:4079: $? = 0
configure:4089: result: yes
configure:4100: checking whether g++ accepts -g
configure:4121: g++ -c -g  conftest.cpp >&5
configure:4121: $? = 0
configure:4165: result: yes
configure:4185: checking for g++ option to enable C++11 features
configure:4200: g++  -c -g -O2  conftest.cpp >&5
conftest.cpp: In function 'int main(int, char**)':
conftest.cpp:175:25: warning: empty parentheses were disambiguated as a function declaration [-Wvexing-parse]
  175 |   cxx11test::delegate d2();
      |                         ^~
conftest.cpp:175:25: note: remove parentheses to default-initialize a variable
  175 |   cxx11test::delegate d2();
      |                         ^~
      |                         --
conftest.cpp:175:25: note: or replace parentheses with braces to value-initialize a variable
configure:4200: $? = 0
configure:4218: result: none needed
configure:4330: checking for ranlib
configure:4351: found /usr/bin/ranlib
configure:4362: result: ranlib
configure:4386: checking for pkg-config
configure:4419: result: no
configure:4438: checking for diff
configure:4461: found /usr/bin/diff
configure:4473: result: /usr/bin/diff
configure:4493: checking for cat
configure:4516: found /usr/bin/cat
configure:4528: result: /usr/bin/cat
configure:4548: checking for printf
configure:4571: found /usr/bin/printf
configure:4583: result: /usr/bin/printf
configure:4601: checking whether to build with debug information
configure:4611: result: no
configure:4623: checking wether to build with gcov code coverage information (GCC only)
configure:4633: result: no
configure:4755: checking for doxygen
configure:4793: result: no
configure:4813: WARNING: doxygen not found - will not generate any doxygen documentation
configure:4871: checking for perl
configure:4894: found /usr/bin/perl
configure:4906: result: /usr/bin/perl
configure:5055: checking for dot
configure:5093: result: no
configure:5113: WARNING: dot not found - will not generate graphics for doxygen documentation
configure:6714: checking for a BSD-compatible install
configure:6787: result: /usr/bin/install -c
configure:6798: checking whether build environment is sane
configure:6853: result: yes
configure:7008: checking for a race-free mkdir -p
configure:7052: result: /usr/bin/mkdir -p
configure:7059: checking for gawk
configure:7080: found /usr/bin/gawk
configure:7091: result: gawk
configure:7102: checking whether make sets $(MAKE)
configure:7125: result: yes
configure:7147: checking whether make supports the include directive
configure:7162: make -f confmf.GNU && cat confinc.out
this is the am__doit target
configure:7165: $? = 0
configure:7184: result: yes (GNU style)
configure:7219: checking whether make supports nested variables
configure:7237: result: yes
configure:7318: checking dependency style of gcc
configure:7430: result: gcc3
configure:7447: checking dependency style of g++
configure:7559: result: gcc3
configure:7649: checking for stdio.h
configure:7649: g++ -c -g -O2 -O2 -march=native   conftest.cpp >&5
configure:7649: $? = 0
configure:7649: result: yes
configure:7649: checking for stdlib.h
configure:7649: g++ -c -g -O2 -O2 -march=native   conftest.cpp >&5
configure:7649: $? = 0
configure:7649: result: yes
configure:7649: checking for string.h
configure:7649: g++ -c -g -O2 -O2 -march=native   conftest.cpp >&5
configure:7649: $? = 0
configure:7649: result: yes
configure:7649: checking for inttypes.h
configure:7649: g++ -c -g -O2 -O2 -march=native   conftest.cpp >&5
configure:7649: $? = 0
configure:7649: result: yes
configure:7649: checking for stdint.h
configure:7649: g++ -c -g -O2 -O2 -march=native   conftest.cpp >&5
configure:7649: $? = 0
configure:7649: result: yes
configure:7649: checking for strings.h
configure:7649: g++ -c -g -O2 -O2 -march=native   conftest.cpp >&5
configure:7649: $? = 0
configure:7649: result: yes
configure:7649: checking for sys/stat.h
configure:7649: g++ -c -g -O2 -O2 -march=native   conftest.cpp >&5
configure:7649: $? = 0
configure:7649: result: yes
configure:7649: checking for sys/types.h
configure:7649: g++ -c -g -O2 -O2 -march=native   conftest.cpp >&5
configure:7649: $? = 0
configure:7649: result: yes
configure:7649: checking for unistd.h
configure:7649: g++ -c -g -O2 -O2 -march=native   conftest.cpp >&5
configure:7649: $? = 0
configure:7649: result: yes
configure:7674: checking for grep that handles long lines and -e
configure:7738: result: /usr/bin/grep
configure:7746: checking for egrep
configure:7814: result: /usr/bin/grep -E
configure:7820: checking for stdlib.h
configure:7820: result: yes
configure:7826: checking for string.h
configure:7826: result: yes
configure:7835: checking for _Bool
configure:7835: g++ -c -g -O2 -O2 -march=native   conftest.cpp >&5
conftest.cpp: In function 'int main()':
conftest.cpp:55:13: error: '_Bool' was not declared in this scope
   55 | if (sizeof (_Bool))
      |             ^~~~~
configure:7835: $? = 1
configure: failed program was:
| /* confdefs.h */
| #define PACKAGE_NAME "BIU"
| #define PACKAGE_TARNAME "biu"
| #define PACKAGE_VERSION "2.3.7"
| #define PACKAGE_STRING "BIU 2.3.7"
| #define PACKAGE_BUGREPORT "http://www.bioinf.uni-freiburg.de/SW/BIU/"
| #define PACKAGE_URL ""
| #define NDEBUG 1
| #define PACKAGE "biu"
| #define VERSION "2.3.7"
| #define HAVE_STDIO_H 1
| #define HAVE_STDLIB_H 1
| #define HAVE_STRING_H 1
| #define HAVE_INTTYPES_H 1
| #define HAVE_STDINT_H 1
| #define HAVE_STRINGS_H 1
| #define HAVE_SYS_STAT_H 1
| #define HAVE_SYS_TYPES_H 1
| #define HAVE_UNISTD_H 1
| #define STDC_HEADERS 1
| #define HAVE_STDLIB_H 1
| #define HAVE_STRING_H 1
| /* end confdefs.h.  */
| #include <stddef.h>
| #ifdef HAVE_STDIO_H
| # include <stdio.h>
| #endif
| #ifdef HAVE_STDLIB_H
| # include <stdlib.h>
| #endif
| #ifdef HAVE_STRING_H
| # include <string.h>
| #endif
| #ifdef HAVE_INTTYPES_H
| # include <inttypes.h>
| #endif
| #ifdef HAVE_STDINT_H
| # include <stdint.h>
| #endif
| #ifdef HAVE_STRINGS_H
| # include <strings.h>
| #endif
| #ifdef HAVE_SYS_TYPES_H
| # include <sys/types.h>
| #endif
| #ifdef HAVE_SYS_STAT_H
| # include <sys/stat.h>
| #endif
| #ifdef HAVE_UNISTD_H
| # include <unistd.h>
| #endif
| int
| main (void)
| {
| if (sizeof (_Bool))
| 	 return 0;
|   ;
|   return 0;
| }
configure:7835: result: no
configure:7844: checking for stdbool.h that conforms to C99
configure:7960: g++ -c -g -O2 -O2 -march=native   conftest.cpp >&5
configure:7960: $? = 0
configure:7968: result: yes
configure:7977: checking for size_t
configure:7977: g++ -c -g -O2 -O2 -march=native   conftest.cpp >&5
configure:7977: $? = 0
configure:7977: g++ -c -g -O2 -O2 -march=native   conftest.cpp >&5
conftest.cpp: In function 'int main()':
conftest.cpp:56:20: error: expected primary-expression before ')' token
   56 | if (sizeof ((size_t)))
      |                    ^
configure:7977: $? = 1
configure: failed program was:
| /* confdefs.h */
| #define PACKAGE_NAME "BIU"
| #define PACKAGE_TARNAME "biu"
| #define PACKAGE_VERSION "2.3.7"
| #define PACKAGE_STRING "BIU 2.3.7"
| #define PACKAGE_BUGREPORT "http://www.bioinf.uni-freiburg.de/SW/BIU/"
| #define PACKAGE_URL ""
| #define NDEBUG 1
| #define PACKAGE "biu"
| #define VERSION "2.3.7"
| #define HAVE_STDIO_H 1
| #define HAVE_STDLIB_H 1
| #define HAVE_STRING_H 1
| #define HAVE_INTTYPES_H 1
| #define HAVE_STDINT_H 1
| #define HAVE_STRINGS_H 1
| #define HAVE_SYS_STAT_H 1
| #define HAVE_SYS_TYPES_H 1
| #define HAVE_UNISTD_H 1
| #define STDC_HEADERS 1
| #define HAVE_STDLIB_H 1
| #define HAVE_STRING_H 1
| #define HAVE_STDBOOL_H 1
| /* end confdefs.h.  */
| #include <stddef.h>
| #ifdef HAVE_STDIO_H
| # include <stdio.h>
| #endif
| #ifdef HAVE_STDLIB_H
| # include <stdlib.h>
| #endif
| #ifdef HAVE_STRING_H
| # include <string.h>
| #endif
| #ifdef HAVE_INTTYPES_H
| # include <inttypes.h>
| #endif
| #ifdef HAVE_STDINT_H
| # include <stdint.h>
| #endif
| #ifdef HAVE_STRINGS_H
| # include <strings.h>
| #endif
| #ifdef HAVE_SYS_TYPES_H
| # include <sys/types.h>
| #endif
| #ifdef HAVE_SYS_STAT_H
| # include <sys/stat.h>
| #endif
| #ifdef HAVE_UNISTD_H
| # include <unistd.h>
| #endif
| int
| main (void)
| {
| if (sizeof ((size_t)))
| 	    return 0;
|   ;
|   return 0;
| }
configure:7977: result: yes
configure:7993: checking for std::unordered_map
configure:8008: g++ -c -g -O2 -O2 -march=native   conftest.cpp >&5
configure:8008: $? = 0
configure:8011: result: yes
configure:8029: checking for std::tr1::unordered_map
configure:8044: g++ -c -g -O2 -O2 -march=native   conftest.cpp >&5
configure:8044: $? = 0
configure:8047: result: yes
configure:8066: checking for GNU hash_map
configure:8081: g++ -c -g -O2 -O2 -march=native   conftest.cpp >&5
In file included from /usr/include/c++/11/ext/hash_map:60,
                 from conftest.cpp:26:
/usr/include/c++/11/backward/backward_warning.h:32:2: warning: #warning This file includes at least one deprecated or antiquated header which may be removed without further notice at a future date. Please use a non-deprecated interface with equivalent functionality instead. For a listing of replacement headers and interfaces, consult the file backward_warning.h. To disable this warning use -Wno-deprecated. [-Wcpp]
   32 | #warning \
      |  ^~~~~~~
configure:8081: $? = 0
configure:8084: result: yes
configure:8360: checking that generated files are newer than configure
configure:8366: result: done
configure:8393: creating ./config.status

## ---------------------- ##
## Running config.status. ##
## ---------------------- ##

This file was extended by BIU config.status 2.3.7, which was
generated by GNU Autoconf 2.71.  Invocation command line was

  CONFIG_FILES    = 
  CONFIG_HEADERS  = 
  CONFIG_LINKS    = 
  CONFIG_COMMANDS = 
  $ ./config.status 

on LAPTOP-21S4PV3K

config.status:854: creating Makefile
config.status:854: creating src/doxygen.hh
config.status:854: creating src/biu/HashMap.hh
config.status:854: creating src/Makefile
config.status:854: creating misc/Makefile
config.status:854: creating misc/doxygen/Makefile
config.status:854: creating tests/Makefile
config.status:1011: executing depfiles commands
config.status:1088: cd src       && sed -e '/# am--include-marker/d' Makefile         | make -f - am--depfiles
make: Nothing to be done for 'am--depfiles'.
config.status:1093: $? = 0

## ---------------- ##
## Cache variables. ##
## ---------------- ##

ac_cv_build=x86_64-unknown-linux-gnu
ac_cv_c_compiler_gnu=yes
ac_cv_cxx_compiler_gnu=yes
ac_cv_env_CAT_set=
ac_cv_env_CAT_value=
ac_cv_env_CCC_set=
ac_cv_env_CCC_value=
ac_cv_env_CC_set=
ac_cv_env_CC_value=
ac_cv_env_CFLAGS_set=
ac_cv_env_CFLAGS_value=
ac_cv_env_CPPFLAGS_set=
ac_cv_env_CPPFLAGS_value=
ac_cv_env_CXXFLAGS_set=
ac_cv_env_CXXFLAGS_value=
ac_cv_env_CXX_set=
ac_cv_env_CXX_value=
ac_cv_env_DIFF_set=
ac_cv_env_DIFF_value=
ac_cv_env_DOXYGEN_PAPER_SIZE_set=
ac_cv_env_DOXYGEN_PAPER_SIZE_value=
ac_cv_env_LDFLAGS_set=
ac_cv_env_LDFLAGS_value=
ac_cv_env_LIBS_set=
ac_cv_env_LIBS_value=
ac_cv_env_PRINTF_set=
ac_cv_env_PRINTF_value=
ac_cv_env_build_alias_set=
ac_cv_env_build_alias_value=
ac_cv_env_host_alias_set=
ac_cv_env_host_alias_value=
ac_cv_env_target_alias_set=
ac_cv_env_target_alias_value=
ac_cv_header_inttypes_h=yes
ac_cv_header_stdbool_h=yes
ac_cv_header_stdint_h=yes
ac_cv_header_stdio_h=yes
ac_cv_header_stdlib_h=yes
ac_cv_header_string_h=yes
ac_cv_header_strings_h=yes
ac_cv_header_sys_stat_h=yes
ac_cv_header_sys_types_h=yes
ac_cv_header_unistd_h=yes
ac_cv_host=x86_64-unknown-linux-gnu
ac_cv_objext=o
ac_cv_path_CAT=/usr/bin/cat
ac_cv_path_DIFF=/usr/bin/diff
ac_cv_path_EGREP='/usr/bin/grep -E'
ac_cv_path_GREP=/usr/bin/grep
ac_cv_path_PRINTF=/usr/bin/printf
ac_cv_path_ac_pt_DX_PERL=/usr/bin/perl
ac_cv_path_install='/usr/bin/install -c'
ac_cv_path_mkdir=/usr/bin/mkdir
ac_cv_prog_AWK=gawk
ac_cv_prog_HAVE_PKG_CONFIG=no
ac_cv_prog_ac_ct_CC=gcc
ac_cv_prog_ac_ct_CXX=g++
ac_cv_prog_ac_ct_RANLIB=ranlib
ac_cv_prog_cc_c11=
ac_cv_prog_cc_g=yes
ac_cv_prog_cc_stdc=
ac_cv_prog_cxx_11=no
ac_cv_prog_cxx_cxx11=
ac_cv_prog_cxx_g=yes
ac_cv_prog_cxx_stdcxx=
ac_cv_prog_make_make_set=yes
ac_cv_type__Bool=no
ac_cv_type_size_t=yes
am_cv_CC_dependencies_compiler_type=gcc3
am_cv_CXX_dependencies_compiler_type=gcc3
am_cv_make_support_nested_variables=yes
am_cv_prog_cc_c_o=yes

## ----------------- ##
## Output variables. ##
## ----------------- ##

ACLOCAL='${SHELL} '\''/mnt/f/Universidad/Quinto/TFG/TFG/Codigo/Comparaciones/biu-2.3.7/missing'\'' aclocal-1.16'
AMDEPBACKSLASH='\'
AMDEP_FALSE='#'
AMDEP_TRUE=''
AMTAR='$${TAR-tar}'
AM_BACKSLASH='\'
AM_CXXFLAGS=''
AM_DEFAULT_V='$(AM_DEFAULT_VERBOSITY)'
AM_DEFAULT_VERBOSITY='1'
AM_LDFLAGS=''
AM_V='$(V)'
AUTOCONF='${SHELL} '\''/mnt/f/Universidad/Quinto/TFG/TFG/Codigo/Comparaciones/biu-2.3.7/missing'\'' autoconf'
AUTOHEADER='${SHELL} '\''/mnt/f/Universidad/Quinto/TFG/TFG/Codigo/Comparaciones/biu-2.3.7/missing'\'' autoheader'
AUTOMAKE='${SHELL} '\''/mnt/f/Universidad/Quinto/TFG/TFG/Codigo/Comparaciones/biu-2.3.7/missing'\'' automake-1.16'
AWK='gawk'
CAT='/usr/bin/cat'
CC='gcc'
CCDEPMODE='depmode=gcc3'
CFLAGS='-g -O2'
CPPFLAGS=''
CSCOPE='cscope'
CTAGS='ctags'
CXX='g++'
CXXDEPMODE='depmode=gcc3'
CXXFLAGS='-g -O2 -O2 -march=native '
CYGPATH_W='echo'
DEFS='-DPACKAGE_NAME=\"BIU\" -DPACKAGE_TARNAME=\"biu\" -DPACKAGE_VERSION=\"2.3.7\" -DPACKAGE_STRING=\"BIU\ 2.3.7\" -DPACKAGE_BUGREPORT=\"http://www.bioinf.uni-freiburg.de/SW/BIU/\" -DPACKAGE_URL=\"\" -DNDEBUG=1 -DPACKAGE=\"biu\" -DVERSION=\"2.3.7\" -DHAVE_STDIO_H=1 -DHAVE_STDLIB_H=1 -DHAVE_STRING_H=1 -DHAVE_INTTYPES_H=1 -DHAVE_STDINT_H=1 -DHAVE_STRINGS_H=1 -DHAVE_SYS_STAT_H=1 -DHAVE_SYS_TYPES_H=1 -DHAVE_UNISTD_H=1 -DSTDC_HEADERS=1 -DHAVE_STDLIB_H=1 -DHAVE_STRING_H=1 -DHAVE_STDBOOL_H=1'
DEPDIR='.deps'
DIFF='/usr/bin/diff'
DOXYGEN_PAPER_SIZE=''
DX_COND_chi_FALSE=''
DX_COND_chi_TRUE='#'
DX_COND_chm_FALSE=''
DX_COND_chm_TRUE='#'
DX_COND_doc_FALSE='#'
DX_COND_doc_TRUE=''
DX_COND_dot_FALSE='#'
DX_COND_dot_TRUE=''
DX_COND_html_FALSE='#'
DX_COND_html_TRUE=''
DX_COND_latex_FALSE=''
DX_COND_latex_TRUE='#'
DX_COND_man_FALSE=''
DX_COND_man_TRUE='#'
DX_COND_pdf_FALSE=''
DX_COND_pdf_TRUE='#'
DX_COND_ps_FALSE=''
DX_COND_ps_TRUE='#'
DX_COND_rtf_FALSE=''
DX_COND_rtf_TRUE='#'
DX_COND_xml_FALSE=''
DX_COND_xml_TRUE='#'
DX_CONFIG='misc/doxygen/doxygen.config'
DX_DOCDIR='doc'
DX_DOT=''
DX_DOXYGEN=''
DX_DVIPS=''
DX_EGREP=''
DX_ENV=' SRCDIR='\''..'\'' PROJECT='\''BIU'\'' DOCDIR='\''doc'\'' VERSION='\''2.3.7'\'' PERL_PATH='\''/usr/bin/perl'\'' HAVE_DOT='\''YES'\'' DOT_PATH='\''.'\'' GENERATE_MAN='\''NO'\'' GENERATE_RTF='\''NO'\'' GENERATE_XML='\''NO'\'' GENERATE_HTMLHELP='\''NO'\'' GENERATE_CHI='\''NO'\'' GENERATE_HTML='\''YES'\'' GENERATE_LATEX='\''NO'\'''
DX_FLAG_DX_CURRENT_FEATURE='0'
DX_FLAG_chi='0'
DX_FLAG_chm='0'
DX_FLAG_doc='1'
DX_FLAG_dot='1'
DX_FLAG_html='1'
DX_FLAG_man='0'
DX_FLAG_pdf='0'
DX_FLAG_ps='0'
DX_FLAG_rtf='0'
DX_FLAG_xml='0'
DX_HHC=''
DX_LATEX=''
DX_MAKEINDEX=''
DX_PDFLATEX=''
DX_PERL='/usr/bin/perl'
DX_PROJECT='BIU'
ECHO_C=''
ECHO_N='-n'
ECHO_T=''
EGREP='/usr/bin/grep -E'
ETAGS='etags'
EXEEXT=''
GNU_HASH_MAP_DEFINE='#define HAVE_GNU_HASH_MAP 1'
GREP='/usr/bin/grep'
HASH_MAP_DEFINE=''
HAVE_PKG_CONFIG='no'
INSTALL_DATA='${INSTALL} -m 644'
INSTALL_PROGRAM='${INSTALL}'
INSTALL_SCRIPT='${INSTALL}'
INSTALL_STRIP_PROGRAM='$(install_sh) -c -s'
LDFLAGS=''
LIBOBJS=''
LIBS=''
LTLIBOBJS=''
MAKEINFO='${SHELL} '\''/mnt/f/Universidad/Quinto/TFG/TFG/Codigo/Comparaciones/biu-2.3.7/missing'\'' makeinfo'
MKDIR_P='/usr/bin/mkdir -p'
OBJEXT='o'
PACKAGE='biu'
PACKAGE_BUGREPORT='http://www.bioinf.uni-freiburg.de/SW/BIU/'
PACKAGE_NAME='BIU'
PACKAGE_STRING='BIU 2.3.7'
PACKAGE_TARNAME='biu'
PACKAGE_URL=''
PACKAGE_VERSION='2.3.7'
PATH_SEPARATOR=':'
PREFIX_PATH='NONE'
PRINTF='/usr/bin/printf'
RANLIB='ranlib'
SET_MAKE=''
SHELL='/bin/bash'
STD_TR1_UNORDERED_MAP_DEFINE='#define HAVE_TR1_UNORDERED_MAP 1'
STD_UNORDERED_MAP_DEFINE='#define HAVE_UNORDERED_MAP 1'
STRIP=''
VERSION='2.3.7'
ac_ct_CC='gcc'
ac_ct_CXX='g++'
am__EXEEXT_FALSE=''
am__EXEEXT_TRUE='#'
am__fastdepCC_FALSE='#'
am__fastdepCC_TRUE=''
am__fastdepCXX_FALSE='#'
am__fastdepCXX_TRUE=''
am__include='include'
am__isrc=' -I$(srcdir)'
am__leading_dot='.'
am__nodep='_no'
am__quote=''
am__tar='$${TAR-tar} chof - "$$tardir"'
am__untar='$${TAR-tar} xf -'
bindir='${exec_prefix}/bin'
build='x86_64-unknown-linux-gnu'
build_alias=''
build_cpu='x86_64'
build_os='linux-gnu'
build_vendor='unknown'
datadir='${datarootdir}'
datarootdir='${prefix}/share'
docdir='${datarootdir}/doc/${PACKAGE_TARNAME}'
dvidir='${docdir}'
exec_prefix='${prefix}'
host='x86_64-unknown-linux-gnu'
host_alias=''
host_cpu='x86_64'
host_os='linux-gnu'
host_vendor='unknown'
htmldir='${docdir}'
includedir='${prefix}/include'
infodir='${datarootdir}/info'
install_sh='${SHELL} /mnt/f/Universidad/Quinto/TFG/TFG/Codigo/Comparaciones/biu-2.3.7/install-sh'
libdir='${exec_prefix}/lib'
libexecdir='${exec_prefix}/libexec'
localedir='${datarootdir}/locale'
localstatedir='${prefix}/var'
mandir='${datarootdir}/man'
mkdir_p='$(MKDIR_P)'
oldincludedir='/usr/include'
pdfdir='${docdir}'
prefix='/usr/local'
program_transform_name='s,x,x,'
psdir='${docdir}'
runstatedir='${localstatedir}/run'
sbindir='${exec_prefix}/sbin'
sharedstatedir='${prefix}/com'
sysconfdir='${prefix}/etc'
target_alias=''

## ----------- ##
## confdefs.h. ##
## ----------- ##

/* confdefs.h */
#define PACKAGE_NAME "BIU"
#define PACKAGE_TARNAME "biu"
#define PACKAGE_VERSION "2.3.7"
#define PACKAGE_STRING "BIU 2.3.7"
#define PACKAGE_BUGREPORT "http://www.bioinf.uni-freiburg.de/SW/BIU/"
#define PACKAGE_URL ""
#define NDEBUG 1
#define PACKAGE "biu"
#define VERSION "2.3.7"
#define HAVE_STDIO_H 1
#define HAVE_STDLIB_H 1
#define HAVE_STRING_H 1
#define HAVE_INTTYPES_H 1
#define HAVE_STDINT_H 1
#define HAVE_STRINGS_H 1
#define HAVE_SYS_STAT_H 1
#define HAVE_SYS_TYPES_H 1
#define HAVE_UNISTD_H 1
#define STDC_HEADERS 1
#define HAVE_STDLIB_H 1
#define HAVE_STRING_H 1
#define HAVE_STDBOOL_H 1

configure: exit 0

## ---------------------- ##
## Running config.status. ##
## ---------------------- ##

This file was extended by BIU config.status 2.3.7, which was
generated by GNU Autoconf 2.71.  Invocation command line was

  CONFIG_FILES    = 
  CONFIG_HEADERS  = 
  CONFIG_LINKS    = 
  CONFIG_COMMANDS = 
  $ ./config.status biu.pc

on LAPTOP-21S4PV3K

config.status:854: creating biu.pc
